<?xml version="1.0" encoding="UTF-8"?>
<testng-results ignored="1" total="2" passed="1" failed="0" skipped="0">
  <reporter-output>
  </reporter-output>
  <suite started-at="2023-01-18T06:16:24 IST" name="Suite" finished-at="2023-01-18T06:16:24 IST" duration-ms="48">
    <groups>
    </groups>
    <test started-at="2023-01-18T06:16:24 IST" name="Test" finished-at="2023-01-18T06:16:24 IST" duration-ms="48">
      <class name="Practice.Ts">
        <test-method signature="modifycontact()[pri:0, instance:Practice.Ts@3bf9ce3e]" started-at="2023-01-18T06:16:24 IST" name="modifycontact" finished-at="2023-01-18T06:16:24 IST" duration-ms="6" status="PASS">
          <reporter-output>
          </reporter-output>
        </test-method> <!-- modifycontact -->
      </class> <!-- Practice.Ts -->
    </test> <!-- Test -->
  </suite> <!-- Suite -->
</testng-results>
